[debug] [2022-01-10T11:36:22.492Z] ----------------------------------------------------------------------
[debug] [2022-01-10T11:36:22.494Z] Command:       C:\Program Files\nodejs\node.exe C:\Users\Toam Cohen\AppData\Roaming\npm\node_modules\firebase-tools\lib\bin\firebase.js init hosting
[debug] [2022-01-10T11:36:22.494Z] CLI Version:   10.0.1
[debug] [2022-01-10T11:36:22.494Z] Platform:      win32
[debug] [2022-01-10T11:36:22.495Z] Node Version:  v14.18.2
[debug] [2022-01-10T11:36:22.499Z] Time:          Mon Jan 10 2022 13:36:22 GMT+0200 (שעון ישראל (חורף))
[debug] [2022-01-10T11:36:22.499Z] ----------------------------------------------------------------------
[debug] 
[debug] [2022-01-10T11:36:22.501Z] >>> [apiv2][query] GET https://firebase-public.firebaseio.com/cli.json [none]
[debug] [2022-01-10T11:36:22.523Z] > command requires scopes: ["email","openid","https://www.googleapis.com/auth/cloudplatformprojects.readonly","https://www.googleapis.com/auth/firebase","https://www.googleapis.com/auth/cloud-platform"]
[debug] [2022-01-10T11:36:22.523Z] > authorizing via signed-in user (toamcohen10@gmail.com)
[info] 
     ######## #### ########  ######## ########     ###     ######  ########
     ##        ##  ##     ## ##       ##     ##  ##   ##  ##       ##
     ######    ##  ########  ######   ########  #########  ######  ######
     ##        ##  ##    ##  ##       ##     ## ##     ##       ## ##
     ##       #### ##     ## ######## ########  ##     ##  ######  ########

You're about to initialize a Firebase project in this directory:

  D:\WS\ws-users-list\frontend

[debug] [2022-01-10T11:36:23.351Z] <<< [apiv2][status] GET https://firebase-public.firebaseio.com/cli.json 200
[debug] [2022-01-10T11:36:23.351Z] <<< [apiv2][body] GET https://firebase-public.firebaseio.com/cli.json {"cloudBuildErrorAfter":1594252800000,"cloudBuildWarnAfter":1590019200000,"defaultNode10After":1594252800000,"minVersion":"3.0.5","node8DeploysDisabledAfter":1613390400000,"node8RuntimeDisabledAfter":1615809600000,"node8WarnAfter":1600128000000}
[info] 
=== Project Setup
[info] 
[info] First, let's associate this project directory with a Firebase project.
[info] You can create multiple project aliases by running firebase use --add, 
[info] but for now we'll just set up a default project.
[info] 
[debug] [2022-01-10T11:38:49.791Z] > refreshing access token with scopes: []
[debug] [2022-01-10T11:38:49.792Z] >>> HTTP REQUEST POST https://www.googleapis.com/oauth2/v3/token  
 <request body omitted>
[debug] [2022-01-10T11:38:50.202Z] <<< HTTP RESPONSE 200 {"date":"Mon, 10 Jan 2022 11:38:49 GMT","expires":"Mon, 01 Jan 1990 00:00:00 GMT","pragma":"no-cache","cache-control":"no-cache, no-store, max-age=0, must-revalidate","content-type":"application/json; charset=utf-8","vary":"X-Origin, Referer, Origin,Accept-Encoding","server":"scaffolding on HTTPServer2","x-xss-protection":"0","x-frame-options":"SAMEORIGIN","x-content-type-options":"nosniff","alt-svc":"h3=\":443\"; ma=2592000,h3-29=\":443\"; ma=2592000,h3-Q050=\":443\"; ma=2592000,h3-Q046=\":443\"; ma=2592000,h3-Q043=\":443\"; ma=2592000,quic=\":443\"; ma=2592000; v=\"46,43\"","accept-ranges":"none","transfer-encoding":"chunked"}
[debug] [2022-01-10T11:38:50.215Z] >>> [apiv2][query] GET https://firebase.googleapis.com/v1beta1/projects pageSize=100
[debug] [2022-01-10T11:38:50.910Z] <<< [apiv2][status] GET https://firebase.googleapis.com/v1beta1/projects 200
[debug] [2022-01-10T11:38:50.910Z] <<< [apiv2][body] GET https://firebase.googleapis.com/v1beta1/projects [omitted]
[debug] [2022-01-10T11:39:09.067Z] ----------------------------------------------------------------------
[debug] [2022-01-10T11:39:09.069Z] Command:       C:\Program Files\nodejs\node.exe C:\Users\Toam Cohen\AppData\Roaming\npm\node_modules\firebase-tools\lib\bin\firebase.js init hosting
[debug] [2022-01-10T11:39:09.069Z] CLI Version:   10.0.1
[debug] [2022-01-10T11:39:09.069Z] Platform:      win32
[debug] [2022-01-10T11:39:09.069Z] Node Version:  v14.18.2
[debug] [2022-01-10T11:39:09.070Z] Time:          Mon Jan 10 2022 13:39:09 GMT+0200 (שעון ישראל (חורף))
[debug] [2022-01-10T11:39:09.071Z] ----------------------------------------------------------------------
[debug] 
[debug] [2022-01-10T11:39:09.077Z] > command requires scopes: ["email","openid","https://www.googleapis.com/auth/cloudplatformprojects.readonly","https://www.googleapis.com/auth/firebase","https://www.googleapis.com/auth/cloud-platform"]
[debug] [2022-01-10T11:39:09.077Z] > authorizing via signed-in user (toamcohen10@gmail.com)
[info] 
     ######## #### ########  ######## ########     ###     ######  ########
     ##        ##  ##     ## ##       ##     ##  ##   ##  ##       ##
     ######    ##  ########  ######   ########  #########  ######  ######
     ##        ##  ##    ##  ##       ##     ## ##     ##       ## ##
     ##       #### ##     ## ######## ########  ##     ##  ######  ########

You're about to initialize a Firebase project in this directory:

  D:\WS\ws-users-list\frontend

[info] 
=== Project Setup
[info] 
[info] First, let's associate this project directory with a Firebase project.
[info] You can create multiple project aliases by running firebase use --add, 
[info] but for now we'll just set up a default project.
[info] 
[info] i  If you want to create a project in a Google Cloud organization or folder, please use "firebase projects:create" instead, and return to this command when you've created the project. 
